<?xml version="1.0" encoding="UTF-8"?>
<!-- Generated by org.testng.reporters.JUnitReportReporter -->
<testsuite hostname="INLEN8520065191" failures="0" tests="1" name="TestRunner" time="12.208" errors="0" timestamp="2025-05-21T17:24:40 IST" skipped="0">
  <testcase classname="TestRunner" name="runScenario" time="12.208"/>
</testsuite> <!-- TestRunner -->
