<?xml version="1.0" encoding="UTF-8"?>
<!-- Generated by org.testng.reporters.JUnitReportReporter -->
<testsuite hostname="Sayantans-MacBook-Air.local" failures="0" tests="1" name="TestRunner" time="19.947" errors="0" timestamp="2025-05-20T04:24:08 IST" skipped="0">
  <testcase classname="TestRunner" name="runScenario" time="19.947"/>
</testsuite> <!-- TestRunner -->
